0 info it worked if it ends with ok
1 verbose cli [ 'C:\\Program Files\\nodejs\\node.exe',
1 verbose cli   'C:\\Program Files\\nodejs\\node_modules\\npm\\bin\\npm-cli.js',
1 verbose cli   'install',
1 verbose cli   'angular-cookies@X.Y.Z' ]
2 info using npm@2.15.8
3 info using node@v4.4.7
4 verbose install initial load of C:\Users\afflz\Documents\Gitkraken\tp-pokedex\frontend\package.json
5 verbose readDependencies loading dependencies from C:\Users\afflz\Documents\Gitkraken\tp-pokedex\frontend\package.json
6 silly cache add args [ 'angular-cookies@X.Y.Z', null ]
7 verbose cache add spec angular-cookies@X.Y.Z
8 silly cache add parsed spec Result {
8 silly cache add   raw: 'angular-cookies@X.Y.Z',
8 silly cache add   scope: null,
8 silly cache add   name: 'angular-cookies',
8 silly cache add   rawSpec: 'X.Y.Z',
8 silly cache add   spec: 'X.Y.Z',
8 silly cache add   type: 'tag' }
9 silly addNamed angular-cookies@X.Y.Z
10 verbose addNamed "X.Y.Z" is being treated as a dist-tag for angular-cookies
11 info addNameTag [ 'angular-cookies', 'X.Y.Z' ]
12 silly mapToRegistry name angular-cookies
13 silly mapToRegistry using default registry
14 silly mapToRegistry registry https://registry.npmjs.org/
15 silly mapToRegistry data Result {
15 silly mapToRegistry   raw: 'angular-cookies',
15 silly mapToRegistry   scope: null,
15 silly mapToRegistry   name: 'angular-cookies',
15 silly mapToRegistry   rawSpec: '',
15 silly mapToRegistry   spec: 'latest',
15 silly mapToRegistry   type: 'tag' }
16 silly mapToRegistry uri https://registry.npmjs.org/angular-cookies
17 verbose addNameTag registry:https://registry.npmjs.org/angular-cookies not in flight; fetching
18 verbose request uri https://registry.npmjs.org/angular-cookies
19 verbose request no auth needed
20 info attempt registry request try #1 at 15:56:05
21 verbose request id 0a3cf73f55be1219
22 http request GET https://registry.npmjs.org/angular-cookies
23 http 200 https://registry.npmjs.org/angular-cookies
24 verbose headers { server: 'CouchDB/1.5.0 (Erlang OTP/R16B03)',
24 verbose headers   etag: '"53U63IV9VW5SRNBDN47S2X2OZ"',
24 verbose headers   'content-type': 'application/json',
24 verbose headers   'content-encoding': 'gzip',
24 verbose headers   'cache-control': 'max-age=300',
24 verbose headers   'content-length': '12849',
24 verbose headers   'accept-ranges': 'bytes',
24 verbose headers   date: 'Tue, 18 Oct 2016 17:56:07 GMT',
24 verbose headers   via: '1.1 varnish',
24 verbose headers   age: '298',
24 verbose headers   connection: 'keep-alive',
24 verbose headers   'x-served-by': 'cache-iad2638-IAD',
24 verbose headers   'x-cache': 'HIT',
24 verbose headers   'x-cache-hits': '1',
24 verbose headers   'x-timer': 'S1476813367.241834,VS0,VE0',
24 verbose headers   vary: 'Accept-Encoding' }
25 silly get cb [ 200,
25 silly get   { server: 'CouchDB/1.5.0 (Erlang OTP/R16B03)',
25 silly get     etag: '"53U63IV9VW5SRNBDN47S2X2OZ"',
25 silly get     'content-type': 'application/json',
25 silly get     'content-encoding': 'gzip',
25 silly get     'cache-control': 'max-age=300',
25 silly get     'content-length': '12849',
25 silly get     'accept-ranges': 'bytes',
25 silly get     date: 'Tue, 18 Oct 2016 17:56:07 GMT',
25 silly get     via: '1.1 varnish',
25 silly get     age: '298',
25 silly get     connection: 'keep-alive',
25 silly get     'x-served-by': 'cache-iad2638-IAD',
25 silly get     'x-cache': 'HIT',
25 silly get     'x-cache-hits': '1',
25 silly get     'x-timer': 'S1476813367.241834,VS0,VE0',
25 silly get     vary: 'Accept-Encoding' } ]
26 verbose get saving angular-cookies to C:\Users\afflz\AppData\Roaming\npm-cache\registry.npmjs.org\angular-cookies\.cache.json
27 verbose correctMkdir C:\Users\afflz\AppData\Roaming\npm-cache correctMkdir not in flight; initializing
28 silly addNameTag next cb for angular-cookies with tag X.Y.Z
29 verbose stack Error: No compatible version found: angular-cookies@'X.Y.Z'
29 verbose stack Valid install targets:
29 verbose stack ["1.2.20","1.2.0","1.2.1","1.2.2","1.2.3","1.2.4","1.2.5","1.2.6","1.2.7","1.2.8","1.2.9","1.2.10","1.2.11","1.2.12","1.2.13","1.2.14","1.2.15","1.2.16","1.2.17","1.2.18","1.2.19","1.3.0-rc.5","1.3.0","1.3.1","1.3.2","1.3.3","1.3.4-build.3588","1.2.27","1.3.4","1.3.5","1.3.6","1.3.7","1.2.28","1.3.8","1.4.0-beta.0","1.3.9","1.3.10","1.4.0-beta.1","1.4.0-beta.2","1.3.11","1.4.0-beta.3","1.3.12","1.3.13","1.4.0-beta.4","1.3.14","1.4.0-beta.5","1.4.0-beta.6","1.3.15","1.4.0-rc.0","1.4.0-rc.1","1.4.0-rc.2","1.4.0","1.3.16","1.4.1","1.4.2","1.3.17","1.4.3","1.4.4","1.3.18","1.4.5","1.3.19","1.4.6","1.5.0-beta.0","1.2.29","1.3.20","1.4.7","1.5.0-beta.2","1.4.8","1.5.0-rc.0","1.5.0-rc.1","1.4.9","1.5.0-rc.2","1.5.0","1.5.1","1.4.10","1.5.2","1.5.3","1.5.5","1.4.11","1.5.6","1.4.12","1.5.7","1.2.30","1.5.8","1.4.13","1.2.31","1.2.32","1.4.14"]
29 verbose stack
29 verbose stack     at installTargetsError (C:\Program Files\nodejs\node_modules\npm\lib\cache\add-named.js:284:12)
29 verbose stack     at next (C:\Program Files\nodejs\node_modules\npm\lib\cache\add-named.js:94:10)
29 verbose stack     at RES (C:\Program Files\nodejs\node_modules\npm\node_modules\inflight\inflight.js:23:14)
29 verbose stack     at f (C:\Program Files\nodejs\node_modules\npm\node_modules\once\once.js:17:25)
29 verbose stack     at fixName (C:\Program Files\nodejs\node_modules\npm\lib\cache\add-named.js:29:5)
29 verbose stack     at saved (C:\Program Files\nodejs\node_modules\npm\lib\cache\caching-client.js:173:7)
29 verbose stack     at C:\Program Files\nodejs\node_modules\npm\node_modules\graceful-fs\polyfills.js:210:7
29 verbose stack     at FSReqWrap.oncomplete (fs.js:82:15)
30 verbose cwd C:\Users\afflz\Documents\Gitkraken\tp-pokedex\frontend
31 error Windows_NT 6.1.7600
32 error argv "C:\\Program Files\\nodejs\\node.exe" "C:\\Program Files\\nodejs\\node_modules\\npm\\bin\\npm-cli.js" "install" "angular-cookies@X.Y.Z"
33 error node v4.4.7
34 error npm  v2.15.8
35 error code ETARGET
36 error notarget No compatible version found: angular-cookies@'X.Y.Z'
36 error notarget Valid install targets:
36 error notarget ["1.2.20","1.2.0","1.2.1","1.2.2","1.2.3","1.2.4","1.2.5","1.2.6","1.2.7","1.2.8","1.2.9","1.2.10","1.2.11","1.2.12","1.2.13","1.2.14","1.2.15","1.2.16","1.2.17","1.2.18","1.2.19","1.3.0-rc.5","1.3.0","1.3.1","1.3.2","1.3.3","1.3.4-build.3588","1.2.27","1.3.4","1.3.5","1.3.6","1.3.7","1.2.28","1.3.8","1.4.0-beta.0","1.3.9","1.3.10","1.4.0-beta.1","1.4.0-beta.2","1.3.11","1.4.0-beta.3","1.3.12","1.3.13","1.4.0-beta.4","1.3.14","1.4.0-beta.5","1.4.0-beta.6","1.3.15","1.4.0-rc.0","1.4.0-rc.1","1.4.0-rc.2","1.4.0","1.3.16","1.4.1","1.4.2","1.3.17","1.4.3","1.4.4","1.3.18","1.4.5","1.3.19","1.4.6","1.5.0-beta.0","1.2.29","1.3.20","1.4.7","1.5.0-beta.2","1.4.8","1.5.0-rc.0","1.5.0-rc.1","1.4.9","1.5.0-rc.2","1.5.0","1.5.1","1.4.10","1.5.2","1.5.3","1.5.5","1.4.11","1.5.6","1.4.12","1.5.7","1.2.30","1.5.8","1.4.13","1.2.31","1.2.32","1.4.14"]
36 error notarget
36 error notarget This is most likely not a problem with npm itself.
36 error notarget In most cases you or one of your dependencies are requesting
36 error notarget a package version that doesn't exist.
37 verbose exit [ 1, true ]
